SonarQube plugins:
  - SonarCSS 1.2.0.1325 (cssfamily)
  - Svn 1.10.0.1917 (scmsvn)
  - SonarPLSQL 3.4.1.2576 (plsql)
  - SonarScala 1.5.0.315 (sonarscala)
  - C# Code Quality and Security 8.9.0.19135 (csharp)
  - Vulnerability Analysis 8.4.0.2759 (security)
  - Java Code Quality and Security 6.5.1.22586 (java)
  - SonarHTML 3.2.0.2082 (web)
  - SonarFlex 2.5.1.1831 (flex)
  - SonarXML 2.0.1.2020 (xml)
  - SonarTS 2.1.0.4359 (typescript)
  - VB.NET Code Quality and Security 8.9.0.19135 (vbnet)
  - SonarSwift 4.2.2.77 (swift)
  - CFamily Code Quality and Security 6.11.0.19130 (cpp)
  - Python Code Quality and Security 2.13.0.7236 (python)
  - JaCoCo 1.1.0.898 (jacoco)
  - RPG Code Quality 2.4.0.2183 (rpg)
  - SonarGo 1.6.0.719 (go)
  - SonarKotlin 1.5.0.315 (kotlin)
  - SonarPLI 1.10.0.1880 (pli)
  - SonarTSQL 1.4.0.3334 (tsql)
  - SonarVB6 2.6.0.1875 (vb)
  - SonarApex 1.7.0.883 (sonarapex)
  - SonarJS 6.2.1.12157 (javascript)
  - SonarRuby 1.5.0.315 (ruby)
  - Vulnerability Rules for C# 8.4.0.2759 (securitycsharpfrontend)
  - Vulnerability Rules for Java 8.4.0.2759 (securityjavafrontend)
  - License for SonarLint 8.4.2.36762 (license)
  - COBOL Code Quality 4.5.1.4460 (cobol)
  - Vulnerability Rules for Python 8.4.0.2759 (securitypythonfrontend)
  - Git 1.12.0.2034 (scmgit)
  - PHP Code Quality and Security 3.5.0.5655 (php)
  - SonarABAP 3.8.0.2034 (abap)
  - Vulnerability Rules for PHP 8.4.0.2759 (securityphpfrontend)
Global server settings:
  - sonar.core.id=1936AA46-AXR0DApZeFofTXw9_BZy
  - sonar.core.startTime=2020-09-28T14:37:20-0500
  - sonar.dbcleaner.branchesToKeepWhenInactive=master,develop,trunk
Project server settings:
  - sonar.coverage.exclusions=src/test/**
Project scanner properties:
  - sonar.cpd.exclusions=**/R_AP_DISB_RQSTImpl.java,**/DuplicationFun.java
  - sonar.host.url=http://localhost:8400
  - sonar.java.binaries=build/classes
  - sonar.projectBaseDir=/Users/jting/Projects/gradle-singlemodule
  - sonar.projectKey=sonarqube-scanner-gradle
  - sonar.scanner.app=ScannerCLI
  - sonar.scanner.appVersion=4.4.0.2170
  - sonar.sourceEncoding=UTF-8
  - sonar.verbose=true
  - sonar.working.directory=/Users/jting/Projects/gradle-singlemodule/.scannerwork
